<?xml version="1.0" encoding="UTF-8"?>
<!-- Generated by org.testng.reporters.JUnitReportReporter -->
<testsuite skipped="0" hostname="MX-IT02079" name="com.testProject.testCases.TC_Test_002" tests="1" failures="0" timestamp="2020-09-09T22:56:24 CDT" time="1.495" errors="0">
  <testcase name="Test2" time="1.495" classname="com.testProject.testCases.TC_Test_002"/>
  <system-out/>
</testsuite> <!-- com.testProject.testCases.TC_Test_002 -->
