<?xml version="1.0" encoding="UTF-8"?>
<!-- Generated by org.testng.reporters.JUnitReportReporter -->
<testsuite skipped="0" hostname="MX-IT02079" name="com.testProject.testCases.TC_Test_003" tests="1" failures="0" timestamp="2020-09-10T07:47:58 CDT" time="1.127" errors="0">
  <testcase name="Test3" time="1.127" classname="com.testProject.testCases.TC_Test_003"/>
  <system-out/>
</testsuite> <!-- com.testProject.testCases.TC_Test_003 -->
