<?xml version="1.0" encoding="UTF-8"?>
<!-- Generated by org.testng.reporters.JUnitReportReporter -->
<testsuite skipped="0" hostname="MX-IT02079" name="com.testProject.testCases.TC_Test_005" tests="1" failures="0" timestamp="2020-09-10T08:27:58 CDT" time="0.809" errors="0">
  <testcase name="Test5" time="0.809" classname="com.testProject.testCases.TC_Test_005"/>
  <system-out/>
</testsuite> <!-- com.testProject.testCases.TC_Test_005 -->
