<?xml version="1.0" encoding="UTF-8"?>
<!-- Generated by org.testng.reporters.JUnitReportReporter -->
<testsuite skipped="0" hostname="MX-IT02079" name="com.testProject.testCases.TC_Test_001" tests="1" failures="0" timestamp="2020-09-09T19:22:12 CDT" time="1.017" errors="0">
  <testcase name="loginTest" time="1.017" classname="com.testProject.testCases.TC_Test_001"/>
  <system-out/>
</testsuite> <!-- com.testProject.testCases.TC_Test_001 -->
